<?xml version="1.0" encoding="UTF-8"?>
<!-- Generated by org.testng.reporters.JUnitReportReporter -->
<testsuite hostname="LAPTOP-50EOP4VT" failures="0" tests="1" name="test.Tc002_Login" time="15.577" errors="0" timestamp="2023-11-10T13:16:02 IST" skipped="0">
  <testcase classname="test.Tc002_Login" name="login" time="15.577"/>
</testsuite> <!-- test.Tc002_Login -->
