<?xml version="1.0" encoding="UTF-8"?>
<!-- Generated by org.testng.reporters.JUnitReportReporter -->
<testsuite hostname="LAPTOP-50EOP4VT" failures="0" tests="1" name="test.Tc001_Register" time="15.783" errors="0" timestamp="2023-11-10T13:16:02 IST" skipped="0">
  <testcase classname="test.Tc001_Register" name="register" time="15.783"/>
</testsuite> <!-- test.Tc001_Register -->
